<?xml version="1.0" encoding="UTF-8"?>
<!-- Generated by org.testng.reporters.JUnitReportReporter -->
<testsuite hostname="Klaus" failures="0" tests="1" name="org.vtiger.practice.ExcelMltipleDataProvider" time="3.098" errors="0" timestamp="2022-07-31T18:46:10 IST" skipped="0">
  <testcase classname="org.vtiger.practice.ExcelMltipleDataProvider" name="getMiltipleDataFromExcel" time="3.098"/>
  <system-out/>
</testsuite> <!-- org.vtiger.practice.ExcelMltipleDataProvider -->
