<?xml version="1.0" encoding="UTF-8"?>
<!-- Generated by org.testng.reporters.JUnitReportReporter -->
<testsuite hostname="Klaus" failures="0" tests="3" name="org.vtiger.practice.PracticeTestNgforParallel" time="0.209" errors="0" timestamp="2022-07-18T15:50:57 IST" skipped="0">
  <testcase classname="org.vtiger.practice.PracticeTestNgforParallel" name="movieSandalwood" time="0.060"/>
  <system-out>
    <![CDATA[ KGF released]]>
  </system-out>
  <testcase classname="org.vtiger.practice.PracticeTestNgforParallel" name="movieTamil" time="0.037"/>
  <system-out>
    <![CDATA[Vikram released]]>
  </system-out>
  <testcase classname="org.vtiger.practice.PracticeTestNgforParallel" name="movieTelugu" time="0.112"/>
  <system-out>
    <![CDATA[RRR released]]>
  </system-out>
</testsuite> <!-- org.vtiger.practice.PracticeTestNgforParallel -->
