<?xml version="1.0" encoding="UTF-8"?>
<!-- Generated by org.testng.reporters.JUnitReportReporter -->
<testsuite hostname="Klaus" failures="0" tests="1" name="org.vtiger.contacts.CreateContactTest" time="45.782" errors="0" timestamp="2022-07-18T21:37:55 IST" skipped="0">
  <testcase classname="org.vtiger.contacts.CreateContactTest" name="createContactTest" time="45.782"/>
  <system-out/>
</testsuite> <!-- org.vtiger.contacts.CreateContactTest -->
