<?xml version="1.0" encoding="UTF-8"?>
<!-- Generated by org.testng.reporters.JUnitReportReporter -->
<testsuite hostname="Klaus" failures="0" tests="3" name="org.vtiger.practice.TestNGparallel2" time="0.099" errors="0" timestamp="2022-07-18T15:50:57 IST" skipped="0">
  <testcase classname="org.vtiger.practice.TestNGparallel2" name="movieKollyTest" time="0.057"/>
  <system-out>
    <![CDATA[Beast postponed  ]]>
  </system-out>
  <testcase classname="org.vtiger.practice.TestNGparallel2" name="movieSandalTest" time="0.035"/>
  <system-out>
    <![CDATA[charlie postponed]]>
  </system-out>
  <testcase classname="org.vtiger.practice.TestNGparallel2" name="movieTollyTest" time="0.007"/>
  <system-out>
    <![CDATA[major postponed ]]>
  </system-out>
</testsuite> <!-- org.vtiger.practice.TestNGparallel2 -->
