<?xml version="1.0" encoding="UTF-8"?>
<!-- Generated by org.testng.reporters.JUnitReportReporter -->
<testsuite hostname="Klaus" failures="0" tests="1" name="org.vtiger.practice.TestCampaignPracticetest" time="0.050" errors="0" timestamp="2022-07-12T21:18:44 IST" skipped="0">
  <testcase classname="org.vtiger.practice.TestCampaignPracticetest" name="practiceTest" time="0.050"/>
  <system-out>
    <![CDATA[hello]]>
  </system-out>
</testsuite> <!-- org.vtiger.practice.TestCampaignPracticetest -->
